<?xml version="1.0" encoding="UTF-8"?>
<testng-results skipped="0" failed="0" ignored="0" total="1" passed="1">
  <reporter-output>
  </reporter-output>
  <suite name="Default suite" duration-ms="16082" started-at="2022-03-19T00:57:57Z" finished-at="2022-03-19T00:58:13Z">
    <groups>
    </groups>
    <test name="Default test" duration-ms="16082" started-at="2022-03-19T00:57:57Z" finished-at="2022-03-19T00:58:13Z">
      <class name="ggg.Testjava">
        <test-method status="PASS" signature="setup()[pri:0, instance:ggg.Testjava@be92ad]" name="setup" is-config="true" duration-ms="10927" started-at="2022-03-19T00:57:57Z" finished-at="2022-03-19T00:58:08Z">
          <reporter-output>
          </reporter-output>
        </test-method> <!-- setup -->
        <test-method status="PASS" signature="loginTest()[pri:0, instance:ggg.Testjava@be92ad]" name="loginTest" duration-ms="4267" started-at="2022-03-19T00:58:08Z" finished-at="2022-03-19T00:58:12Z">
          <reporter-output>
          </reporter-output>
        </test-method> <!-- loginTest -->
        <test-method status="PASS" signature="tearDown()[pri:0, instance:ggg.Testjava@be92ad]" name="tearDown" is-config="true" duration-ms="830" started-at="2022-03-19T00:58:12Z" finished-at="2022-03-19T00:58:13Z">
          <reporter-output>
          </reporter-output>
        </test-method> <!-- tearDown -->
      </class> <!-- ggg.Testjava -->
    </test> <!-- Default test -->
  </suite> <!-- Default suite -->
</testng-results>
